<?xml version="1.0" encoding="UTF-8"?>
<!-- Generated by org.testng.reporters.JUnitXMLReporter -->
<<<<<<< HEAD
<testsuite ignored="0" hostname="DESKTOP-E9KPRUH" failures="0" tests="11" name="Default test" time="0.261" errors="0" timestamp="2026-02-01T15:41:52 IST">
  <testcase classname="com.comcast.crm.basetest.BaseClass" name="@BeforeClass configBC" time="0.001">
    <failure type="java.io.FileNotFoundException" message=".\ConfigAppData\CommonData.properties (The system cannot find the path specified)">
      <![CDATA[java.io.FileNotFoundException: .\ConfigAppData\CommonData.properties (The system cannot find the path specified)
at java.base/java.io.FileInputStream.open0(Native Method)
at java.base/java.io.FileInputStream.open(FileInputStream.java:213)
at java.base/java.io.FileInputStream.<init>(FileInputStream.java:152)
at java.base/java.io.FileInputStream.<init>(FileInputStream.java:106)
at com.comcast.crm.generic.fileutility.FileUtility.getDataFromProperyFile(FileUtility.java:10)
at com.comcast.crm.basetest.BaseClass.configBC(BaseClass.java:52)
at java.base/jdk.internal.reflect.DirectMethodHandleAccessor.invoke(DirectMethodHandleAccessor.java:103)
at java.base/java.lang.reflect.Method.invoke(Method.java:580)
at org.testng.internal.invokers.MethodInvocationHelper.invokeMethod(MethodInvocationHelper.java:141)
at org.testng.internal.invokers.MethodInvocationHelper.invokeMethodConsideringTimeout(MethodInvocationHelper.java:71)
at org.testng.internal.invokers.ConfigInvoker.invokeConfigurationMethod(ConfigInvoker.java:400)
at org.testng.internal.invokers.ConfigInvoker.invokeConfigurations(ConfigInvoker.java:333)
at org.testng.internal.invokers.TestMethodWorker.invokeBeforeClassMethods(TestMethodWorker.java:188)
at org.testng.internal.invokers.TestMethodWorker.run(TestMethodWorker.java:128)
at java.base/java.util.ArrayList.forEach(ArrayList.java:1596)
at org.testng.TestRunner.privateRun(TestRunner.java:741)
at org.testng.TestRunner.run(TestRunner.java:616)
at org.testng.SuiteRunner.runTest(SuiteRunner.java:421)
at org.testng.SuiteRunner.runSequentially(SuiteRunner.java:413)
at org.testng.SuiteRunner.privateRun(SuiteRunner.java:373)
at org.testng.SuiteRunner.run(SuiteRunner.java:312)
at org.testng.SuiteRunnerWorker.runSuite(SuiteRunnerWorker.java:52)
at org.testng.SuiteRunnerWorker.run(SuiteRunnerWorker.java:95)
at org.testng.TestNG.runSuitesSequentially(TestNG.java:1274)
at org.testng.TestNG.runSuitesLocally(TestNG.java:1208)
at org.testng.TestNG.runSuites(TestNG.java:1112)
at org.testng.TestNG.run(TestNG.java:1079)
at org.testng.remote.AbstractRemoteTestNG.run(AbstractRemoteTestNG.java:115)
at org.testng.remote.RemoteTestNG.initAndRun(RemoteTestNG.java:293)
at org.testng.remote.RemoteTestNG.main(RemoteTestNG.java:91)
]]>
    </failure>
  </testcase> <!-- @BeforeClass configBC -->
  <testcase classname="com.comcast.crm.basetest.BaseClass" name="@BeforeMethod configBM" time="0.0">
    <skipped/>
  </testcase> <!-- @BeforeMethod configBM -->
  <testcase classname="com.comcast.crm.basetest.BaseClass" name="@AfterMethod configAM" time="0.0">
    <skipped/>
  </testcase> <!-- @AfterMethod configAM -->
  <testcase classname="com.comcast.crm.basetest.BaseClass" name="@BeforeMethod configBM" time="0.0">
    <skipped/>
  </testcase> <!-- @BeforeMethod configBM -->
  <testcase classname="com.comcast.crm.basetest.BaseClass" name="@AfterMethod configAM" time="0.0">
    <skipped/>
  </testcase> <!-- @AfterMethod configAM -->
  <testcase classname="com.comcast.crm.basetest.BaseClass" name="@BeforeMethod configBM" time="0.0">
    <skipped/>
  </testcase> <!-- @BeforeMethod configBM -->
  <testcase classname="com.comcast.crm.basetest.BaseClass" name="@AfterMethod configAM" time="0.0">
    <skipped/>
  </testcase> <!-- @AfterMethod configAM -->
  <testcase classname="com.comcast.crm.basetest.BaseClass" name="@BeforeMethod configBM" time="0.0">
    <skipped/>
  </testcase> <!-- @BeforeMethod configBM -->
  <testcase classname="com.comcast.crm.basetest.BaseClass" name="@AfterMethod configAM" time="0.0">
    <skipped/>
  </testcase> <!-- @AfterMethod configAM -->
  <testcase classname="com.comcast.crm.basetest.BaseClass" name="@BeforeMethod configBM" time="0.0">
    <skipped/>
  </testcase> <!-- @BeforeMethod configBM -->
  <testcase classname="com.comcast.crm.basetest.BaseClass" name="@AfterMethod configAM" time="0.0">
    <skipped/>
  </testcase> <!-- @AfterMethod configAM -->
  <testcase classname="com.comcast.crm.basetest.BaseClass" name="@BeforeMethod configBM" time="0.0">
    <skipped/>
  </testcase> <!-- @BeforeMethod configBM -->
  <testcase classname="com.comcast.crm.basetest.BaseClass" name="@AfterMethod configAM" time="0.0">
    <skipped/>
  </testcase> <!-- @AfterMethod configAM -->
  <testcase classname="com.comcast.crm.basetest.BaseClass" name="@BeforeMethod configBM" time="0.0">
    <skipped/>
  </testcase> <!-- @BeforeMethod configBM -->
  <testcase classname="com.comcast.crm.basetest.BaseClass" name="@AfterMethod configAM" time="0.0">
    <skipped/>
  </testcase> <!-- @AfterMethod configAM -->
  <testcase classname="com.comcast.crm.basetest.BaseClass" name="@BeforeMethod configBM" time="0.0">
    <skipped/>
  </testcase> <!-- @BeforeMethod configBM -->
  <testcase classname="com.comcast.crm.basetest.BaseClass" name="@AfterMethod configAM" time="0.0">
    <skipped/>
  </testcase> <!-- @AfterMethod configAM -->
  <testcase classname="com.comcast.crm.basetest.BaseClass" name="@BeforeMethod configBM" time="0.0">
    <skipped/>
  </testcase> <!-- @BeforeMethod configBM -->
  <testcase classname="com.comcast.crm.basetest.BaseClass" name="@AfterMethod configAM" time="0.0">
    <skipped/>
  </testcase> <!-- @AfterMethod configAM -->
  <testcase classname="com.comcast.crm.basetest.BaseClass" name="@BeforeMethod configBM" time="0.0">
    <skipped/>
  </testcase> <!-- @BeforeMethod configBM -->
  <testcase classname="com.comcast.crm.basetest.BaseClass" name="@AfterMethod configAM" time="0.0">
    <skipped/>
  </testcase> <!-- @AfterMethod configAM -->
  <testcase classname="com.comcast.crm.basetest.BaseClass" name="@BeforeMethod configBM" time="0.0">
    <skipped/>
  </testcase> <!-- @BeforeMethod configBM -->
  <testcase classname="com.comcast.crm.basetest.BaseClass" name="@AfterMethod configAM" time="0.0">
    <skipped/>
  </testcase> <!-- @AfterMethod configAM -->
  <testcase classname="com.comcast.crm.basetest.BaseClass" name="@AfterClass configAC" time="0.0">
    <skipped/>
  </testcase> <!-- @AfterClass configAC -->
  <testcase classname="demo.DemoTest" name="AboutUsLinkTest" time="0.001">
    <skipped/>
  </testcase> <!-- AboutUsLinkTest -->
  <testcase classname="demo.DemoTest" name="BookAnAppointmentBtnTest" time="0.0">
    <skipped/>
  </testcase> <!-- BookAnAppointmentBtnTest -->
  <testcase classname="demo.DemoTest" name="BtnsubmitTest" time="0.001">
    <skipped/>
  </testcase> <!-- BtnsubmitTest -->
  <testcase classname="demo.DemoTest" name="ContactUsLinkTest" time="0.0">
    <skipped/>
  </testcase> <!-- ContactUsLinkTest -->
  <testcase classname="demo.DemoTest" name="GalleryLinkTest" time="0.0">
    <skipped/>
  </testcase> <!-- GalleryLinkTest -->
  <testcase classname="demo.DemoTest" name="LoginsLinkTest" time="0.0">
    <skipped/>
  </testcase> <!-- LoginsLinkTest -->
  <testcase classname="demo.DemoTest" name="PasswordTest" time="0.001">
    <skipped/>
  </testcase> <!-- PasswordTest -->
  <testcase classname="demo.DemoTest" name="PatientLoginBtnTest" time="0.0">
    <skipped/>
  </testcase> <!-- PatientLoginBtnTest -->
  <testcase classname="demo.DemoTest" name="ServicesLinkTest" time="0.0">
    <skipped/>
  </testcase> <!-- ServicesLinkTest -->
  <testcase classname="demo.DemoTest" name="UsernameTest" time="0.0">
    <skipped/>
  </testcase> <!-- UsernameTest -->
  <testcase classname="demo.DemoTest" name="ValidURLTest" time="0.0">
    <skipped/>
  </testcase> <!-- ValidURLTest -->
=======
<testsuite ignored="0" hostname="DESKTOP-Q1NTH4L" failures="0" tests="24" name="Default test" time="65.121" errors="0" timestamp="2026-02-02T17:56:43 IST">
  <testcase classname="demo.DemoTest" name="AboutUsLinkTest" time="0.261"/>
  <testcase classname="demo.DemoTest" name="BookAnAppointmentBtnTest" time="0.987"/>
  <testcase classname="demo.DemoTest" name="ContactUsLinkTest" time="0.167"/>
  <testcase classname="demo.DemoTest" name="GalleryLinkTest" time="0.184"/>
  <testcase classname="demo.DemoTest" name="LoginsLinkTest" time="0.282"/>
  <testcase classname="demo.DemoTest" name="ServicesLinkTest" time="0.336"/>
  <testcase classname="demo.DemoTest" name="Test" time="3.564"/>
  <testcase classname="demo.DemoTest" name="ValidURLTest" time="0.001"/>
  <testcase classname="demo.DemoTest" name="doctorForgotPasswordLinkTest" time="2.816"/>
  <testcase classname="demo.DemoTest" name="doctorLoginBtnTest" time="1.532"/>
  <testcase classname="demo.DemoTest" name="doctorLoginTest" time="2.802"/>
  <testcase classname="demo.DemoTest" name="doctorLogoutTest" time="3.757"/>
  <testcase classname="demo.DemoTest" name="doctorPageLoginBtnTest" time="2.312"/>
  <testcase classname="demo.DemoTest" name="doctorPasswordTest" time="1.699"/>
  <testcase classname="demo.DemoTest" name="doctorUsernameTest" time="1.831"/>
  <testcase classname="demo.DemoTest" name="patientForgotPasswordLinkTest" time="2.239"/>
  <testcase classname="demo.DemoTest" name="patientLoginBtnTest" time="1.244"/>
  <testcase classname="demo.DemoTest" name="patientLoginTest" time="2.372"/>
  <testcase classname="demo.DemoTest" name="patientLogoutTest" time="4.712"/>
  <testcase classname="demo.DemoTest" name="patientPageLoginBtnTest" time="1.832"/>
  <testcase classname="demo.DemoTest" name="patientPasswordTest" time="1.938"/>
  <testcase classname="demo.DemoTest" name="patientUsernameTest" time="1.551"/>
  <testcase classname="demo.DemoTest" name="patientupdateProfileTest" time="6.727"/>
  <testcase classname="demo.DemoTest" name="patientupdategenderProfileTest" time="7.581"/>
>>>>>>> branch 'master' of https://github.com/aadikhare/MyHealthDesk-.git
</testsuite> <!-- Default test -->
