<?xml version="1.0" encoding="UTF-8"?>
<!-- Generated by org.testng.reporters.JUnitXMLReporter -->
<testsuite ignored="23" hostname="DESKTOP-Q1NTH4L" failures="0" tests="1" name="Default test" time="7.503" errors="0" timestamp="2026-02-03T18:04:15 IST">
  <testcase classname="demo.DemoTest" name="bookAppointmentTest" time="3.568"/>
  <testcase classname="demo.DemoTest" name="ValidURLTest" time="0.0">
    <ignored/>
  </testcase> <!-- ValidURLTest -->
  <testcase classname="demo.DemoTest" name="patientUsernameTest" time="0.0">
    <ignored/>
  </testcase> <!-- patientUsernameTest -->
  <testcase classname="demo.DemoTest" name="doctorLoginBtnTest" time="0.0">
    <ignored/>
  </testcase> <!-- doctorLoginBtnTest -->
  <testcase classname="demo.DemoTest" name="AboutUsLinkTest" time="0.0">
    <ignored/>
  </testcase> <!-- AboutUsLinkTest -->
  <testcase classname="demo.DemoTest" name="BookAnAppointmentBtnTest" time="0.0">
    <ignored/>
  </testcase> <!-- BookAnAppointmentBtnTest -->
  <testcase classname="demo.DemoTest" name="patientLoginBtnTest" time="0.0">
    <ignored/>
  </testcase> <!-- patientLoginBtnTest -->
  <testcase classname="demo.DemoTest" name="createuserAndDeleteUserTest" time="0.0">
    <ignored/>
  </testcase> <!-- createuserAndDeleteUserTest -->
  <testcase classname="demo.DemoTest" name="doctorLoginTest" time="0.0">
    <ignored/>
  </testcase> <!-- doctorLoginTest -->
  <testcase classname="demo.DemoTest" name="patientPasswordTest" time="0.0">
    <ignored/>
  </testcase> <!-- patientPasswordTest -->
  <testcase classname="demo.DemoTest" name="doctorPasswordTest" time="0.0">
    <ignored/>
  </testcase> <!-- doctorPasswordTest -->
  <testcase classname="demo.DemoTest" name="patientupdateProfileTest" time="0.0">
    <ignored/>
  </testcase> <!-- patientupdateProfileTest -->
  <testcase classname="demo.DemoTest" name="patientForgotPasswordLinkTest" time="0.0">
    <ignored/>
  </testcase> <!-- patientForgotPasswordLinkTest -->
  <testcase classname="demo.DemoTest" name="doctorPageLoginBtnTest" time="0.0">
    <ignored/>
  </testcase> <!-- doctorPageLoginBtnTest -->
  <testcase classname="demo.DemoTest" name="patientLoginTest" time="0.0">
    <ignored/>
  </testcase> <!-- patientLoginTest -->
  <testcase classname="demo.DemoTest" name="ContactUsLinkTest" time="0.0">
    <ignored/>
  </testcase> <!-- ContactUsLinkTest -->
  <testcase classname="demo.DemoTest" name="doctorUsernameTest" time="0.0">
    <ignored/>
  </testcase> <!-- doctorUsernameTest -->
  <testcase classname="demo.DemoTest" name="doctorForgotPasswordLinkTest" time="0.0">
    <ignored/>
  </testcase> <!-- doctorForgotPasswordLinkTest -->
  <testcase classname="demo.DemoTest" name="ServicesLinkTest" time="0.0">
    <ignored/>
  </testcase> <!-- ServicesLinkTest -->
  <testcase classname="demo.DemoTest" name="GalleryLinkTest" time="0.0">
    <ignored/>
  </testcase> <!-- GalleryLinkTest -->
  <testcase classname="demo.DemoTest" name="patientPageLoginBtnTest" time="0.0">
    <ignored/>
  </testcase> <!-- patientPageLoginBtnTest -->
  <testcase classname="demo.DemoTest" name="LoginsLinkTest" time="0.0">
    <ignored/>
  </testcase> <!-- LoginsLinkTest -->
  <testcase classname="demo.DemoTest" name="patientupdategenderProfileTest" time="0.0">
    <ignored/>
  </testcase> <!-- patientupdategenderProfileTest -->
  <testcase classname="demo.DemoTest" name="patientLogoutTest" time="0.0">
    <ignored/>
  </testcase> <!-- patientLogoutTest -->
</testsuite> <!-- Default test -->
