<?xml version="1.0" encoding="UTF-8"?>
<!-- Generated by org.testng.reporters.JUnitXMLReporter -->
<testsuite ignored="0" hostname="DESKTOP-Q1NTH4L" failures="0" tests="24" name="Default test" time="65.121" errors="0" timestamp="2026-02-02T17:56:43 IST">
  <testcase classname="demo.DemoTest" name="AboutUsLinkTest" time="0.261"/>
  <testcase classname="demo.DemoTest" name="BookAnAppointmentBtnTest" time="0.987"/>
  <testcase classname="demo.DemoTest" name="ContactUsLinkTest" time="0.167"/>
  <testcase classname="demo.DemoTest" name="GalleryLinkTest" time="0.184"/>
  <testcase classname="demo.DemoTest" name="LoginsLinkTest" time="0.282"/>
  <testcase classname="demo.DemoTest" name="ServicesLinkTest" time="0.336"/>
  <testcase classname="demo.DemoTest" name="Test" time="3.564"/>
  <testcase classname="demo.DemoTest" name="ValidURLTest" time="0.001"/>
  <testcase classname="demo.DemoTest" name="doctorForgotPasswordLinkTest" time="2.816"/>
  <testcase classname="demo.DemoTest" name="doctorLoginBtnTest" time="1.532"/>
  <testcase classname="demo.DemoTest" name="doctorLoginTest" time="2.802"/>
  <testcase classname="demo.DemoTest" name="doctorLogoutTest" time="3.757"/>
  <testcase classname="demo.DemoTest" name="doctorPageLoginBtnTest" time="2.312"/>
  <testcase classname="demo.DemoTest" name="doctorPasswordTest" time="1.699"/>
  <testcase classname="demo.DemoTest" name="doctorUsernameTest" time="1.831"/>
  <testcase classname="demo.DemoTest" name="patientForgotPasswordLinkTest" time="2.239"/>
  <testcase classname="demo.DemoTest" name="patientLoginBtnTest" time="1.244"/>
  <testcase classname="demo.DemoTest" name="patientLoginTest" time="2.372"/>
  <testcase classname="demo.DemoTest" name="patientLogoutTest" time="4.712"/>
  <testcase classname="demo.DemoTest" name="patientPageLoginBtnTest" time="1.832"/>
  <testcase classname="demo.DemoTest" name="patientPasswordTest" time="1.938"/>
  <testcase classname="demo.DemoTest" name="patientUsernameTest" time="1.551"/>
  <testcase classname="demo.DemoTest" name="patientupdateProfileTest" time="6.727"/>
  <testcase classname="demo.DemoTest" name="patientupdategenderProfileTest" time="7.581"/>
</testsuite> <!-- Default test -->
