<?xml version="1.0" encoding="UTF-8"?>
<!-- Generated by org.testng.reporters.JUnitXMLReporter -->
<testsuite ignored="0" hostname="DESKTOP-Q1NTH4L" failures="0" tests="24" name="Default test" time="66.901" errors="0" timestamp="2026-02-03T15:54:55 IST">
  <testcase classname="demo.DemoTest" name="AboutUsLinkTest" time="0.198"/>
  <testcase classname="demo.DemoTest" name="BookAnAppointmentBtnTest" time="1.053"/>
  <testcase classname="demo.DemoTest" name="ContactUsLinkTest" time="0.329"/>
  <testcase classname="demo.DemoTest" name="GalleryLinkTest" time="0.32"/>
  <testcase classname="demo.DemoTest" name="LoginsLinkTest" time="0.314"/>
  <testcase classname="demo.DemoTest" name="ServicesLinkTest" time="0.309"/>
  <testcase classname="demo.DemoTest" name="ValidURLTest" time="0.004"/>
  <testcase classname="demo.DemoTest" name="createuserAndDeleteUserTest" time="13.453"/>
  <testcase classname="demo.DemoTest" name="doctorForgotPasswordLinkTest" time="2.296"/>
  <testcase classname="demo.DemoTest" name="doctorLoginBtnTest" time="1.075"/>
  <testcase classname="demo.DemoTest" name="doctorLoginTest" time="2.584"/>
  <testcase classname="demo.DemoTest" name="doctorLogoutTest" time="2.488"/>
  <testcase classname="demo.DemoTest" name="doctorPageLoginBtnTest" time="1.687"/>
  <testcase classname="demo.DemoTest" name="doctorPasswordTest" time="1.56"/>
  <testcase classname="demo.DemoTest" name="doctorUsernameTest" time="1.467"/>
  <testcase classname="demo.DemoTest" name="patientForgotPasswordLinkTest" time="2.166"/>
  <testcase classname="demo.DemoTest" name="patientLoginBtnTest" time="1.007"/>
  <testcase classname="demo.DemoTest" name="patientLoginTest" time="1.887"/>
  <testcase classname="demo.DemoTest" name="patientLogoutTest" time="3.555"/>
  <testcase classname="demo.DemoTest" name="patientPageLoginBtnTest" time="2.555"/>
  <testcase classname="demo.DemoTest" name="patientPasswordTest" time="1.601"/>
  <testcase classname="demo.DemoTest" name="patientUsernameTest" time="1.711"/>
  <testcase classname="demo.DemoTest" name="patientupdateProfileTest" time="7.01"/>
  <testcase classname="demo.DemoTest" name="patientupdategenderProfileTest" time="6.931"/>
</testsuite> <!-- Default test -->
