<?xml version="1.0" encoding="UTF-8"?>
<!-- Generated by org.testng.reporters.JUnitXMLReporter -->
<testsuite ignored="0" hostname="DESKTOP-Q1NTH4L" failures="0" tests="23" name="Test" time="76.205" errors="0" timestamp="2026-02-03T16:05:58 IST">
  <testcase classname="demo.DemoTest" name="AboutUsLinkTest" time="0.236"/>
  <testcase classname="demo.DemoTest" name="BookAnAppointmentBtnTest" time="0.571"/>
  <testcase classname="demo.DemoTest" name="ContactUsLinkTest" time="0.201"/>
  <testcase classname="demo.DemoTest" name="GalleryLinkTest" time="0.286"/>
  <testcase classname="demo.DemoTest" name="LoginsLinkTest" time="0.319"/>
  <testcase classname="demo.DemoTest" name="ServicesLinkTest" time="0.168"/>
  <testcase classname="demo.DemoTest" name="ValidURLTest" time="0.004"/>
  <testcase classname="demo.DemoTest" name="createuserAndDeleteUserTest" time="12.149"/>
  <testcase classname="demo.DemoTest" name="doctorForgotPasswordLinkTest" time="2.186"/>
  <testcase classname="demo.DemoTest" name="doctorLoginBtnTest" time="1.222"/>
  <testcase classname="demo.DemoTest" name="doctorLoginTest" time="2.813"/>
  <testcase classname="demo.DemoTest" name="doctorPageLoginBtnTest" time="1.962"/>
  <testcase classname="demo.DemoTest" name="doctorPasswordTest" time="1.763"/>
  <testcase classname="demo.DemoTest" name="doctorUsernameTest" time="1.809"/>
  <testcase classname="demo.DemoTest" name="patientForgotPasswordLinkTest" time="2.328"/>
  <testcase classname="demo.DemoTest" name="patientLoginBtnTest" time="1.538"/>
  <testcase classname="demo.DemoTest" name="patientLoginTest" time="2.737"/>
  <testcase classname="demo.DemoTest" name="patientLogoutTest" time="4.24"/>
  <testcase classname="demo.DemoTest" name="patientPageLoginBtnTest" time="1.992"/>
  <testcase classname="demo.DemoTest" name="patientPasswordTest" time="1.77"/>
  <testcase classname="demo.DemoTest" name="patientUsernameTest" time="1.853"/>
  <testcase classname="demo.DemoTest" name="patientupdateProfileTest" time="6.742"/>
  <testcase classname="demo.DemoTest" name="patientupdategenderProfileTest" time="6.911"/>
</testsuite> <!-- Test -->
