<?xml version="1.0" encoding="UTF-8"?>
<testng-results ignored="0" total="23" passed="23" failed="0" skipped="0">
  <reporter-output>
  </reporter-output>
  <suite started-at="2026-02-03T16:04:41 IST" name="Suite" finished-at="2026-02-03T16:05:58 IST" duration-ms="76205">
    <groups>
    </groups>
    <test started-at="2026-02-03T16:04:41 IST" name="Test" finished-at="2026-02-03T16:05:58 IST" duration-ms="76205">
      <class name="demo.DemoTest">
        <test-method is-config="true" signature="configBS()[pri:0, instance:demo.DemoTest@45c7e403]" started-at="2026-02-03T16:04:41 IST" name="configBS" finished-at="2026-02-03T16:04:41 IST" duration-ms="20" status="PASS">
          <reporter-output>
          </reporter-output>
        </test-method> <!-- configBS -->
        <test-method is-config="true" signature="configBC()[pri:0, instance:demo.DemoTest@45c7e403]" started-at="2026-02-03T16:04:42 IST" name="configBC" finished-at="2026-02-03T16:04:56 IST" duration-ms="14448" status="PASS">
          <reporter-output>
          </reporter-output>
        </test-method> <!-- configBC -->
        <test-method is-config="true" signature="configBM()[pri:0, instance:demo.DemoTest@45c7e403]" started-at="2026-02-03T16:04:56 IST" name="configBM" finished-at="2026-02-03T16:04:57 IST" duration-ms="1388" status="PASS">
          <reporter-output>
          </reporter-output>
        </test-method> <!-- configBM -->
        <test-method signature="AboutUsLinkTest()[pri:0, instance:demo.DemoTest@45c7e403]" started-at="2026-02-03T16:04:57 IST" name="AboutUsLinkTest" finished-at="2026-02-03T16:04:58 IST" duration-ms="236" status="PASS">
          <reporter-output>
          </reporter-output>
        </test-method> <!-- AboutUsLinkTest -->
        <test-method is-config="true" signature="configAM()[pri:0, instance:demo.DemoTest@45c7e403]" started-at="2026-02-03T16:04:58 IST" name="configAM" finished-at="2026-02-03T16:04:58 IST" duration-ms="1" status="PASS">
          <reporter-output>
          </reporter-output>
        </test-method> <!-- configAM -->
        <test-method is-config="true" signature="configBM()[pri:0, instance:demo.DemoTest@45c7e403]" started-at="2026-02-03T16:04:58 IST" name="configBM" finished-at="2026-02-03T16:04:58 IST" duration-ms="159" status="PASS">
          <reporter-output>
          </reporter-output>
        </test-method> <!-- configBM -->
        <test-method signature="BookAnAppointmentBtnTest()[pri:0, instance:demo.DemoTest@45c7e403]" started-at="2026-02-03T16:04:58 IST" name="BookAnAppointmentBtnTest" finished-at="2026-02-03T16:04:58 IST" duration-ms="571" status="PASS">
          <reporter-output>
          </reporter-output>
        </test-method> <!-- BookAnAppointmentBtnTest -->
        <test-method is-config="true" signature="configAM()[pri:0, instance:demo.DemoTest@45c7e403]" started-at="2026-02-03T16:04:58 IST" name="configAM" finished-at="2026-02-03T16:04:58 IST" duration-ms="1" status="PASS">
          <reporter-output>
          </reporter-output>
        </test-method> <!-- configAM -->
        <test-method is-config="true" signature="configBM()[pri:0, instance:demo.DemoTest@45c7e403]" started-at="2026-02-03T16:04:58 IST" name="configBM" finished-at="2026-02-03T16:04:59 IST" duration-ms="149" status="PASS">
          <reporter-output>
          </reporter-output>
        </test-method> <!-- configBM -->
        <test-method signature="ContactUsLinkTest()[pri:0, instance:demo.DemoTest@45c7e403]" started-at="2026-02-03T16:04:59 IST" name="ContactUsLinkTest" finished-at="2026-02-03T16:04:59 IST" duration-ms="201" status="PASS">
          <reporter-output>
          </reporter-output>
        </test-method> <!-- ContactUsLinkTest -->
        <test-method is-config="true" signature="configAM()[pri:0, instance:demo.DemoTest@45c7e403]" started-at="2026-02-03T16:04:59 IST" name="configAM" finished-at="2026-02-03T16:04:59 IST" duration-ms="0" status="PASS">
          <reporter-output>
          </reporter-output>
        </test-method> <!-- configAM -->
        <test-method is-config="true" signature="configBM()[pri:0, instance:demo.DemoTest@45c7e403]" started-at="2026-02-03T16:04:59 IST" name="configBM" finished-at="2026-02-03T16:04:59 IST" duration-ms="119" status="PASS">
          <reporter-output>
          </reporter-output>
        </test-method> <!-- configBM -->
        <test-method signature="GalleryLinkTest()[pri:0, instance:demo.DemoTest@45c7e403]" started-at="2026-02-03T16:04:59 IST" name="GalleryLinkTest" finished-at="2026-02-03T16:04:59 IST" duration-ms="286" status="PASS">
          <reporter-output>
          </reporter-output>
        </test-method> <!-- GalleryLinkTest -->
        <test-method is-config="true" signature="configAM()[pri:0, instance:demo.DemoTest@45c7e403]" started-at="2026-02-03T16:04:59 IST" name="configAM" finished-at="2026-02-03T16:04:59 IST" duration-ms="2" status="PASS">
          <reporter-output>
          </reporter-output>
        </test-method> <!-- configAM -->
        <test-method is-config="true" signature="configBM()[pri:0, instance:demo.DemoTest@45c7e403]" started-at="2026-02-03T16:04:59 IST" name="configBM" finished-at="2026-02-03T16:04:59 IST" duration-ms="245" status="PASS">
          <reporter-output>
          </reporter-output>
        </test-method> <!-- configBM -->
        <test-method signature="LoginsLinkTest()[pri:0, instance:demo.DemoTest@45c7e403]" started-at="2026-02-03T16:04:59 IST" name="LoginsLinkTest" finished-at="2026-02-03T16:05:00 IST" duration-ms="319" status="PASS">
          <reporter-output>
          </reporter-output>
        </test-method> <!-- LoginsLinkTest -->
        <test-method is-config="true" signature="configAM()[pri:0, instance:demo.DemoTest@45c7e403]" started-at="2026-02-03T16:05:00 IST" name="configAM" finished-at="2026-02-03T16:05:00 IST" duration-ms="0" status="PASS">
          <reporter-output>
          </reporter-output>
        </test-method> <!-- configAM -->
        <test-method is-config="true" signature="configBM()[pri:0, instance:demo.DemoTest@45c7e403]" started-at="2026-02-03T16:05:00 IST" name="configBM" finished-at="2026-02-03T16:05:00 IST" duration-ms="187" status="PASS">
          <reporter-output>
          </reporter-output>
        </test-method> <!-- configBM -->
        <test-method signature="ServicesLinkTest()[pri:0, instance:demo.DemoTest@45c7e403]" started-at="2026-02-03T16:05:00 IST" name="ServicesLinkTest" finished-at="2026-02-03T16:05:00 IST" duration-ms="168" status="PASS">
          <reporter-output>
          </reporter-output>
        </test-method> <!-- ServicesLinkTest -->
        <test-method is-config="true" signature="configAM()[pri:0, instance:demo.DemoTest@45c7e403]" started-at="2026-02-03T16:05:00 IST" name="configAM" finished-at="2026-02-03T16:05:00 IST" duration-ms="0" status="PASS">
          <reporter-output>
          </reporter-output>
        </test-method> <!-- configAM -->
        <test-method is-config="true" signature="configBM()[pri:0, instance:demo.DemoTest@45c7e403]" started-at="2026-02-03T16:05:00 IST" name="configBM" finished-at="2026-02-03T16:05:00 IST" duration-ms="152" status="PASS">
          <reporter-output>
          </reporter-output>
        </test-method> <!-- configBM -->
        <test-method signature="ValidURLTest()[pri:0, instance:demo.DemoTest@45c7e403]" started-at="2026-02-03T16:05:00 IST" name="ValidURLTest" finished-at="2026-02-03T16:05:00 IST" duration-ms="4" status="PASS">
          <reporter-output>
          </reporter-output>
        </test-method> <!-- ValidURLTest -->
        <test-method is-config="true" signature="configAM()[pri:0, instance:demo.DemoTest@45c7e403]" started-at="2026-02-03T16:05:00 IST" name="configAM" finished-at="2026-02-03T16:05:00 IST" duration-ms="0" status="PASS">
          <reporter-output>
          </reporter-output>
        </test-method> <!-- configAM -->
        <test-method is-config="true" signature="configBM()[pri:0, instance:demo.DemoTest@45c7e403]" started-at="2026-02-03T16:05:00 IST" name="configBM" finished-at="2026-02-03T16:05:00 IST" duration-ms="239" status="PASS">
          <reporter-output>
          </reporter-output>
        </test-method> <!-- configBM -->
        <test-method signature="createuserAndDeleteUserTest()[pri:0, instance:demo.DemoTest@45c7e403]" started-at="2026-02-03T16:05:00 IST" name="createuserAndDeleteUserTest" finished-at="2026-02-03T16:05:13 IST" duration-ms="12149" status="PASS">
          <reporter-output>
          </reporter-output>
        </test-method> <!-- createuserAndDeleteUserTest -->
        <test-method is-config="true" signature="configAM()[pri:0, instance:demo.DemoTest@45c7e403]" started-at="2026-02-03T16:05:13 IST" name="configAM" finished-at="2026-02-03T16:05:13 IST" duration-ms="1" status="PASS">
          <reporter-output>
          </reporter-output>
        </test-method> <!-- configAM -->
        <test-method is-config="true" signature="configBM()[pri:0, instance:demo.DemoTest@45c7e403]" started-at="2026-02-03T16:05:13 IST" name="configBM" finished-at="2026-02-03T16:05:13 IST" duration-ms="133" status="PASS">
          <reporter-output>
          </reporter-output>
        </test-method> <!-- configBM -->
        <test-method signature="doctorForgotPasswordLinkTest()[pri:0, instance:demo.DemoTest@45c7e403]" started-at="2026-02-03T16:05:13 IST" name="doctorForgotPasswordLinkTest" finished-at="2026-02-03T16:05:15 IST" duration-ms="2186" status="PASS">
          <reporter-output>
          </reporter-output>
        </test-method> <!-- doctorForgotPasswordLinkTest -->
        <test-method is-config="true" signature="configAM()[pri:0, instance:demo.DemoTest@45c7e403]" started-at="2026-02-03T16:05:15 IST" name="configAM" finished-at="2026-02-03T16:05:15 IST" duration-ms="1" status="PASS">
          <reporter-output>
          </reporter-output>
        </test-method> <!-- configAM -->
        <test-method is-config="true" signature="configBM()[pri:0, instance:demo.DemoTest@45c7e403]" started-at="2026-02-03T16:05:15 IST" name="configBM" finished-at="2026-02-03T16:05:15 IST" duration-ms="116" status="PASS">
          <reporter-output>
          </reporter-output>
        </test-method> <!-- configBM -->
        <test-method signature="doctorLoginBtnTest()[pri:0, instance:demo.DemoTest@45c7e403]" started-at="2026-02-03T16:05:15 IST" name="doctorLoginBtnTest" finished-at="2026-02-03T16:05:16 IST" duration-ms="1222" status="PASS">
          <reporter-output>
          </reporter-output>
        </test-method> <!-- doctorLoginBtnTest -->
        <test-method is-config="true" signature="configAM()[pri:0, instance:demo.DemoTest@45c7e403]" started-at="2026-02-03T16:05:16 IST" name="configAM" finished-at="2026-02-03T16:05:16 IST" duration-ms="0" status="PASS">
          <reporter-output>
          </reporter-output>
        </test-method> <!-- configAM -->
        <test-method is-config="true" signature="configBM()[pri:0, instance:demo.DemoTest@45c7e403]" started-at="2026-02-03T16:05:16 IST" name="configBM" finished-at="2026-02-03T16:05:16 IST" duration-ms="128" status="PASS">
          <reporter-output>
          </reporter-output>
        </test-method> <!-- configBM -->
        <test-method signature="doctorLoginTest()[pri:0, instance:demo.DemoTest@45c7e403]" started-at="2026-02-03T16:05:16 IST" name="doctorLoginTest" finished-at="2026-02-03T16:05:19 IST" duration-ms="2813" status="PASS">
          <reporter-output>
          </reporter-output>
        </test-method> <!-- doctorLoginTest -->
        <test-method is-config="true" signature="configAM()[pri:0, instance:demo.DemoTest@45c7e403]" started-at="2026-02-03T16:05:19 IST" name="configAM" finished-at="2026-02-03T16:05:19 IST" duration-ms="0" status="PASS">
          <reporter-output>
          </reporter-output>
        </test-method> <!-- configAM -->
        <test-method is-config="true" signature="configBM()[pri:0, instance:demo.DemoTest@45c7e403]" started-at="2026-02-03T16:05:19 IST" name="configBM" finished-at="2026-02-03T16:05:19 IST" duration-ms="145" status="PASS">
          <reporter-output>
          </reporter-output>
        </test-method> <!-- configBM -->
        <test-method signature="doctorPageLoginBtnTest()[pri:0, instance:demo.DemoTest@45c7e403]" started-at="2026-02-03T16:05:19 IST" name="doctorPageLoginBtnTest" finished-at="2026-02-03T16:05:21 IST" duration-ms="1962" status="PASS">
          <reporter-output>
          </reporter-output>
        </test-method> <!-- doctorPageLoginBtnTest -->
        <test-method is-config="true" signature="configAM()[pri:0, instance:demo.DemoTest@45c7e403]" started-at="2026-02-03T16:05:21 IST" name="configAM" finished-at="2026-02-03T16:05:21 IST" duration-ms="1" status="PASS">
          <reporter-output>
          </reporter-output>
        </test-method> <!-- configAM -->
        <test-method is-config="true" signature="configBM()[pri:0, instance:demo.DemoTest@45c7e403]" started-at="2026-02-03T16:05:21 IST" name="configBM" finished-at="2026-02-03T16:05:22 IST" duration-ms="199" status="PASS">
          <reporter-output>
          </reporter-output>
        </test-method> <!-- configBM -->
        <test-method signature="doctorPasswordTest()[pri:0, instance:demo.DemoTest@45c7e403]" started-at="2026-02-03T16:05:22 IST" name="doctorPasswordTest" finished-at="2026-02-03T16:05:23 IST" duration-ms="1763" status="PASS">
          <reporter-output>
          </reporter-output>
        </test-method> <!-- doctorPasswordTest -->
        <test-method is-config="true" signature="configAM()[pri:0, instance:demo.DemoTest@45c7e403]" started-at="2026-02-03T16:05:23 IST" name="configAM" finished-at="2026-02-03T16:05:23 IST" duration-ms="1" status="PASS">
          <reporter-output>
          </reporter-output>
        </test-method> <!-- configAM -->
        <test-method is-config="true" signature="configBM()[pri:0, instance:demo.DemoTest@45c7e403]" started-at="2026-02-03T16:05:23 IST" name="configBM" finished-at="2026-02-03T16:05:23 IST" duration-ms="130" status="PASS">
          <reporter-output>
          </reporter-output>
        </test-method> <!-- configBM -->
        <test-method signature="doctorUsernameTest()[pri:0, instance:demo.DemoTest@45c7e403]" started-at="2026-02-03T16:05:23 IST" name="doctorUsernameTest" finished-at="2026-02-03T16:05:25 IST" duration-ms="1809" status="PASS">
          <reporter-output>
          </reporter-output>
        </test-method> <!-- doctorUsernameTest -->
        <test-method is-config="true" signature="configAM()[pri:0, instance:demo.DemoTest@45c7e403]" started-at="2026-02-03T16:05:25 IST" name="configAM" finished-at="2026-02-03T16:05:25 IST" duration-ms="0" status="PASS">
          <reporter-output>
          </reporter-output>
        </test-method> <!-- configAM -->
        <test-method is-config="true" signature="configBM()[pri:0, instance:demo.DemoTest@45c7e403]" started-at="2026-02-03T16:05:25 IST" name="configBM" finished-at="2026-02-03T16:05:25 IST" duration-ms="156" status="PASS">
          <reporter-output>
          </reporter-output>
        </test-method> <!-- configBM -->
        <test-method signature="patientForgotPasswordLinkTest()[pri:0, instance:demo.DemoTest@45c7e403]" started-at="2026-02-03T16:05:25 IST" name="patientForgotPasswordLinkTest" finished-at="2026-02-03T16:05:28 IST" duration-ms="2328" status="PASS">
          <reporter-output>
          </reporter-output>
        </test-method> <!-- patientForgotPasswordLinkTest -->
        <test-method is-config="true" signature="configAM()[pri:0, instance:demo.DemoTest@45c7e403]" started-at="2026-02-03T16:05:28 IST" name="configAM" finished-at="2026-02-03T16:05:28 IST" duration-ms="1" status="PASS">
          <reporter-output>
          </reporter-output>
        </test-method> <!-- configAM -->
        <test-method is-config="true" signature="configBM()[pri:0, instance:demo.DemoTest@45c7e403]" started-at="2026-02-03T16:05:28 IST" name="configBM" finished-at="2026-02-03T16:05:28 IST" duration-ms="214" status="PASS">
          <reporter-output>
          </reporter-output>
        </test-method> <!-- configBM -->
        <test-method signature="patientLoginBtnTest()[pri:0, instance:demo.DemoTest@45c7e403]" started-at="2026-02-03T16:05:28 IST" name="patientLoginBtnTest" finished-at="2026-02-03T16:05:30 IST" duration-ms="1538" status="PASS">
          <reporter-output>
          </reporter-output>
        </test-method> <!-- patientLoginBtnTest -->
        <test-method is-config="true" signature="configAM()[pri:0, instance:demo.DemoTest@45c7e403]" started-at="2026-02-03T16:05:30 IST" name="configAM" finished-at="2026-02-03T16:05:30 IST" duration-ms="0" status="PASS">
          <reporter-output>
          </reporter-output>
        </test-method> <!-- configAM -->
        <test-method is-config="true" signature="configBM()[pri:0, instance:demo.DemoTest@45c7e403]" started-at="2026-02-03T16:05:30 IST" name="configBM" finished-at="2026-02-03T16:05:30 IST" duration-ms="244" status="PASS">
          <reporter-output>
          </reporter-output>
        </test-method> <!-- configBM -->
        <test-method signature="patientLoginTest()[pri:0, instance:demo.DemoTest@45c7e403]" started-at="2026-02-03T16:05:30 IST" name="patientLoginTest" finished-at="2026-02-03T16:05:33 IST" duration-ms="2737" status="PASS">
          <reporter-output>
          </reporter-output>
        </test-method> <!-- patientLoginTest -->
        <test-method is-config="true" signature="configAM()[pri:0, instance:demo.DemoTest@45c7e403]" started-at="2026-02-03T16:05:33 IST" name="configAM" finished-at="2026-02-03T16:05:33 IST" duration-ms="4" status="PASS">
          <reporter-output>
          </reporter-output>
        </test-method> <!-- configAM -->
        <test-method is-config="true" signature="configBM()[pri:0, instance:demo.DemoTest@45c7e403]" started-at="2026-02-03T16:05:33 IST" name="configBM" finished-at="2026-02-03T16:05:33 IST" duration-ms="216" status="PASS">
          <reporter-output>
          </reporter-output>
        </test-method> <!-- configBM -->
        <test-method signature="patientLogoutTest()[pri:0, instance:demo.DemoTest@45c7e403]" started-at="2026-02-03T16:05:33 IST" name="patientLogoutTest" finished-at="2026-02-03T16:05:37 IST" duration-ms="4240" status="PASS">
          <reporter-output>
          </reporter-output>
        </test-method> <!-- patientLogoutTest -->
        <test-method is-config="true" signature="configAM()[pri:0, instance:demo.DemoTest@45c7e403]" started-at="2026-02-03T16:05:37 IST" name="configAM" finished-at="2026-02-03T16:05:37 IST" duration-ms="0" status="PASS">
          <reporter-output>
          </reporter-output>
        </test-method> <!-- configAM -->
        <test-method is-config="true" signature="configBM()[pri:0, instance:demo.DemoTest@45c7e403]" started-at="2026-02-03T16:05:37 IST" name="configBM" finished-at="2026-02-03T16:05:37 IST" duration-ms="189" status="PASS">
          <reporter-output>
          </reporter-output>
        </test-method> <!-- configBM -->
        <test-method signature="patientPageLoginBtnTest()[pri:0, instance:demo.DemoTest@45c7e403]" started-at="2026-02-03T16:05:37 IST" name="patientPageLoginBtnTest" finished-at="2026-02-03T16:05:39 IST" duration-ms="1992" status="PASS">
          <reporter-output>
          </reporter-output>
        </test-method> <!-- patientPageLoginBtnTest -->
        <test-method is-config="true" signature="configAM()[pri:0, instance:demo.DemoTest@45c7e403]" started-at="2026-02-03T16:05:39 IST" name="configAM" finished-at="2026-02-03T16:05:39 IST" duration-ms="1" status="PASS">
          <reporter-output>
          </reporter-output>
        </test-method> <!-- configAM -->
        <test-method is-config="true" signature="configBM()[pri:0, instance:demo.DemoTest@45c7e403]" started-at="2026-02-03T16:05:39 IST" name="configBM" finished-at="2026-02-03T16:05:39 IST" duration-ms="161" status="PASS">
          <reporter-output>
          </reporter-output>
        </test-method> <!-- configBM -->
        <test-method signature="patientPasswordTest()[pri:0, instance:demo.DemoTest@45c7e403]" started-at="2026-02-03T16:05:39 IST" name="patientPasswordTest" finished-at="2026-02-03T16:05:41 IST" duration-ms="1770" status="PASS">
          <reporter-output>
          </reporter-output>
        </test-method> <!-- patientPasswordTest -->
        <test-method is-config="true" signature="configAM()[pri:0, instance:demo.DemoTest@45c7e403]" started-at="2026-02-03T16:05:41 IST" name="configAM" finished-at="2026-02-03T16:05:41 IST" duration-ms="0" status="PASS">
          <reporter-output>
          </reporter-output>
        </test-method> <!-- configAM -->
        <test-method is-config="true" signature="configBM()[pri:0, instance:demo.DemoTest@45c7e403]" started-at="2026-02-03T16:05:41 IST" name="configBM" finished-at="2026-02-03T16:05:41 IST" duration-ms="191" status="PASS">
          <reporter-output>
          </reporter-output>
        </test-method> <!-- configBM -->
        <test-method signature="patientUsernameTest()[pri:0, instance:demo.DemoTest@45c7e403]" started-at="2026-02-03T16:05:41 IST" name="patientUsernameTest" finished-at="2026-02-03T16:05:43 IST" duration-ms="1853" status="PASS">
          <reporter-output>
          </reporter-output>
        </test-method> <!-- patientUsernameTest -->
        <test-method is-config="true" signature="configAM()[pri:0, instance:demo.DemoTest@45c7e403]" started-at="2026-02-03T16:05:43 IST" name="configAM" finished-at="2026-02-03T16:05:43 IST" duration-ms="6" status="PASS">
          <reporter-output>
          </reporter-output>
        </test-method> <!-- configAM -->
        <test-method is-config="true" signature="configBM()[pri:0, instance:demo.DemoTest@45c7e403]" started-at="2026-02-03T16:05:43 IST" name="configBM" finished-at="2026-02-03T16:05:43 IST" duration-ms="170" status="PASS">
          <reporter-output>
          </reporter-output>
        </test-method> <!-- configBM -->
        <test-method signature="patientupdateProfileTest()[pri:0, instance:demo.DemoTest@45c7e403]" started-at="2026-02-03T16:05:43 IST" name="patientupdateProfileTest" finished-at="2026-02-03T16:05:50 IST" duration-ms="6742" status="PASS">
          <reporter-output>
          </reporter-output>
        </test-method> <!-- patientupdateProfileTest -->
        <test-method is-config="true" signature="configAM()[pri:0, instance:demo.DemoTest@45c7e403]" started-at="2026-02-03T16:05:50 IST" name="configAM" finished-at="2026-02-03T16:05:50 IST" duration-ms="1" status="PASS">
          <reporter-output>
          </reporter-output>
        </test-method> <!-- configAM -->
        <test-method is-config="true" signature="configBM()[pri:0, instance:demo.DemoTest@45c7e403]" started-at="2026-02-03T16:05:50 IST" name="configBM" finished-at="2026-02-03T16:05:50 IST" duration-ms="134" status="PASS">
          <reporter-output>
          </reporter-output>
        </test-method> <!-- configBM -->
        <test-method signature="patientupdategenderProfileTest()[pri:0, instance:demo.DemoTest@45c7e403]" started-at="2026-02-03T16:05:50 IST" name="patientupdategenderProfileTest" finished-at="2026-02-03T16:05:57 IST" duration-ms="6911" status="PASS">
          <reporter-output>
          </reporter-output>
        </test-method> <!-- patientupdategenderProfileTest -->
        <test-method is-config="true" signature="configAM()[pri:0, instance:demo.DemoTest@45c7e403]" started-at="2026-02-03T16:05:57 IST" name="configAM" finished-at="2026-02-03T16:05:57 IST" duration-ms="1" status="PASS">
          <reporter-output>
          </reporter-output>
        </test-method> <!-- configAM -->
        <test-method is-config="true" signature="configAC()[pri:0, instance:demo.DemoTest@45c7e403]" started-at="2026-02-03T16:05:57 IST" name="configAC" finished-at="2026-02-03T16:05:58 IST" duration-ms="478" status="PASS">
          <reporter-output>
          </reporter-output>
        </test-method> <!-- configAC -->
        <test-method is-config="true" signature="configAS()[pri:0, instance:demo.DemoTest@45c7e403]" started-at="2026-02-03T16:05:58 IST" name="configAS" finished-at="2026-02-03T16:05:58 IST" duration-ms="2" status="PASS">
          <reporter-output>
          </reporter-output>
        </test-method> <!-- configAS -->
      </class> <!-- demo.DemoTest -->
    </test> <!-- Test -->
  </suite> <!-- Suite -->
</testng-results>
