<?xml version="1.0" encoding="UTF-8"?>
<testng-results ignored="23" total="24" passed="1" failed="0" skipped="0">
  <reporter-output>
  </reporter-output>
  <suite started-at="2026-02-03T11:08:16 IST" name="Default suite" finished-at="2026-02-03T11:08:23 IST" duration-ms="6838">
    <groups>
    </groups>
    <test started-at="2026-02-03T11:08:16 IST" name="Default test" finished-at="2026-02-03T11:08:23 IST" duration-ms="6838">
      <class name="demo.DemoTest">
        <test-method is-config="true" signature="configBS()[pri:0, instance:demo.DemoTest@65e98b1c]" started-at="2026-02-03T11:08:16 IST" name="configBS" finished-at="2026-02-03T11:08:16 IST" duration-ms="10" status="PASS">
          <reporter-output>
          </reporter-output>
        </test-method> <!-- configBS -->
        <test-method is-config="true" signature="configBC()[pri:0, instance:demo.DemoTest@65e98b1c]" started-at="2026-02-03T11:08:16 IST" name="configBC" finished-at="2026-02-03T11:08:18 IST" duration-ms="1913" status="PASS">
          <reporter-output>
          </reporter-output>
        </test-method> <!-- configBC -->
        <test-method is-config="true" signature="configBM()[pri:0, instance:demo.DemoTest@65e98b1c]" started-at="2026-02-03T11:08:18 IST" name="configBM" finished-at="2026-02-03T11:08:18 IST" duration-ms="504" status="PASS">
          <reporter-output>
          </reporter-output>
        </test-method> <!-- configBM -->
        <test-method signature="userqueryTest()[pri:0, instance:demo.DemoTest@65e98b1c]" started-at="2026-02-03T11:08:18 IST" name="userqueryTest" finished-at="2026-02-03T11:08:23 IST" duration-ms="4369" status="PASS">
          <reporter-output>
          </reporter-output>
        </test-method> <!-- userqueryTest -->
        <test-method is-config="true" signature="configAM()[pri:0, instance:demo.DemoTest@65e98b1c]" started-at="2026-02-03T11:08:23 IST" name="configAM" finished-at="2026-02-03T11:08:23 IST" duration-ms="1" status="PASS">
          <reporter-output>
          </reporter-output>
        </test-method> <!-- configAM -->
        <test-method is-config="true" signature="configAC()[pri:0, instance:demo.DemoTest@65e98b1c]" started-at="2026-02-03T11:08:23 IST" name="configAC" finished-at="2026-02-03T11:08:23 IST" duration-ms="1" status="PASS">
          <reporter-output>
          </reporter-output>
        </test-method> <!-- configAC -->
        <test-method is-config="true" signature="configAS()[pri:0, instance:demo.DemoTest@65e98b1c]" started-at="2026-02-03T11:08:23 IST" name="configAS" finished-at="2026-02-03T11:08:23 IST" duration-ms="1" status="PASS">
          <reporter-output>
          </reporter-output>
        </test-method> <!-- configAS -->
      </class> <!-- demo.DemoTest -->
    </test> <!-- Default test -->
  </suite> <!-- Default suite -->
</testng-results>
