<?xml version="1.0" encoding="UTF-8"?>
<testng-results ignored="23" total="24" passed="1" failed="0" skipped="0">
  <reporter-output>
  </reporter-output>
  <suite started-at="2026-02-04T12:31:00 IST" name="Default suite" finished-at="2026-02-04T12:31:06 IST" duration-ms="5624">
    <groups>
    </groups>
    <test started-at="2026-02-04T12:31:00 IST" name="Default test" finished-at="2026-02-04T12:31:06 IST" duration-ms="5624">
      <class name="demo.DemoTest">
        <test-method is-config="true" signature="configBS()[pri:0, instance:demo.DemoTest@65e98b1c]" started-at="2026-02-04T12:31:00 IST" name="configBS" finished-at="2026-02-04T12:31:00 IST" duration-ms="11" status="PASS">
          <reporter-output>
          </reporter-output>
        </test-method> <!-- configBS -->
        <test-method is-config="true" signature="configBC()[pri:0, instance:demo.DemoTest@65e98b1c]" started-at="2026-02-04T12:31:01 IST" name="configBC" finished-at="2026-02-04T12:31:03 IST" duration-ms="2471" status="PASS">
          <reporter-output>
          </reporter-output>
        </test-method> <!-- configBC -->
        <test-method is-config="true" signature="configBM()[pri:0, instance:demo.DemoTest@65e98b1c]" started-at="2026-02-04T12:31:03 IST" name="configBM" finished-at="2026-02-04T12:31:04 IST" duration-ms="658" status="PASS">
          <reporter-output>
          </reporter-output>
        </test-method> <!-- configBM -->
        <test-method signature="doctorLoginTest()[pri:0, instance:demo.DemoTest@65e98b1c]" started-at="2026-02-04T12:31:04 IST" name="doctorLoginTest" finished-at="2026-02-04T12:31:06 IST" duration-ms="2409" status="PASS">
          <reporter-output>
          </reporter-output>
        </test-method> <!-- doctorLoginTest -->
        <test-method is-config="true" signature="configAM()[pri:0, instance:demo.DemoTest@65e98b1c]" started-at="2026-02-04T12:31:06 IST" name="configAM" finished-at="2026-02-04T12:31:06 IST" duration-ms="1" status="PASS">
          <reporter-output>
          </reporter-output>
        </test-method> <!-- configAM -->
        <test-method is-config="true" signature="configAC()[pri:0, instance:demo.DemoTest@65e98b1c]" started-at="2026-02-04T12:31:06 IST" name="configAC" finished-at="2026-02-04T12:31:06 IST" duration-ms="1" status="PASS">
          <reporter-output>
          </reporter-output>
        </test-method> <!-- configAC -->
        <test-method is-config="true" signature="configAS()[pri:0, instance:demo.DemoTest@65e98b1c]" started-at="2026-02-04T12:31:06 IST" name="configAS" finished-at="2026-02-04T12:31:06 IST" duration-ms="1" status="PASS">
          <reporter-output>
          </reporter-output>
        </test-method> <!-- configAS -->
      </class> <!-- demo.DemoTest -->
    </test> <!-- Default test -->
  </suite> <!-- Default suite -->
</testng-results>
