<?xml version="1.0" encoding="UTF-8"?>
<testng-results ignored="0" total="24" passed="24" failed="0" skipped="0">
  <reporter-output>
  </reporter-output>
  <suite started-at="2026-02-02T17:55:38 IST" name="Default suite" finished-at="2026-02-02T17:56:43 IST" duration-ms="65121">
    <groups>
    </groups>
    <test started-at="2026-02-02T17:55:38 IST" name="Default test" finished-at="2026-02-02T17:56:43 IST" duration-ms="65121">
      <class name="demo.DemoTest">
        <test-method is-config="true" signature="configBS()[pri:0, instance:demo.DemoTest@45c7e403]" started-at="2026-02-02T17:55:38 IST" name="configBS" finished-at="2026-02-02T17:55:38 IST" duration-ms="25" status="PASS">
          <reporter-output>
          </reporter-output>
        </test-method> <!-- configBS -->
        <test-method is-config="true" signature="configBC()[pri:0, instance:demo.DemoTest@45c7e403]" started-at="2026-02-02T17:55:38 IST" name="configBC" finished-at="2026-02-02T17:55:44 IST" duration-ms="6370" status="PASS">
          <reporter-output>
          </reporter-output>
        </test-method> <!-- configBC -->
        <test-method is-config="true" signature="configBM()[pri:0, instance:demo.DemoTest@45c7e403]" started-at="2026-02-02T17:55:44 IST" name="configBM" finished-at="2026-02-02T17:55:45 IST" duration-ms="817" status="PASS">
          <reporter-output>
          </reporter-output>
        </test-method> <!-- configBM -->
        <test-method signature="AboutUsLinkTest()[pri:0, instance:demo.DemoTest@45c7e403]" started-at="2026-02-02T17:55:45 IST" name="AboutUsLinkTest" finished-at="2026-02-02T17:55:45 IST" duration-ms="261" status="PASS">
          <reporter-output>
          </reporter-output>
        </test-method> <!-- AboutUsLinkTest -->
        <test-method is-config="true" signature="configAM()[pri:0, instance:demo.DemoTest@45c7e403]" started-at="2026-02-02T17:55:45 IST" name="configAM" finished-at="2026-02-02T17:55:45 IST" duration-ms="1" status="PASS">
          <reporter-output>
          </reporter-output>
        </test-method> <!-- configAM -->
        <test-method is-config="true" signature="configBM()[pri:0, instance:demo.DemoTest@45c7e403]" started-at="2026-02-02T17:55:45 IST" name="configBM" finished-at="2026-02-02T17:55:46 IST" duration-ms="183" status="PASS">
          <reporter-output>
          </reporter-output>
        </test-method> <!-- configBM -->
        <test-method signature="BookAnAppointmentBtnTest()[pri:0, instance:demo.DemoTest@45c7e403]" started-at="2026-02-02T17:55:46 IST" name="BookAnAppointmentBtnTest" finished-at="2026-02-02T17:55:47 IST" duration-ms="987" status="PASS">
          <reporter-output>
          </reporter-output>
        </test-method> <!-- BookAnAppointmentBtnTest -->
        <test-method is-config="true" signature="configAM()[pri:0, instance:demo.DemoTest@45c7e403]" started-at="2026-02-02T17:55:47 IST" name="configAM" finished-at="2026-02-02T17:55:47 IST" duration-ms="0" status="PASS">
          <reporter-output>
          </reporter-output>
        </test-method> <!-- configAM -->
        <test-method is-config="true" signature="configBM()[pri:0, instance:demo.DemoTest@45c7e403]" started-at="2026-02-02T17:55:47 IST" name="configBM" finished-at="2026-02-02T17:55:47 IST" duration-ms="177" status="PASS">
          <reporter-output>
          </reporter-output>
        </test-method> <!-- configBM -->
        <test-method signature="ContactUsLinkTest()[pri:0, instance:demo.DemoTest@45c7e403]" started-at="2026-02-02T17:55:47 IST" name="ContactUsLinkTest" finished-at="2026-02-02T17:55:47 IST" duration-ms="167" status="PASS">
          <reporter-output>
          </reporter-output>
        </test-method> <!-- ContactUsLinkTest -->
        <test-method is-config="true" signature="configAM()[pri:0, instance:demo.DemoTest@45c7e403]" started-at="2026-02-02T17:55:47 IST" name="configAM" finished-at="2026-02-02T17:55:47 IST" duration-ms="1" status="PASS">
          <reporter-output>
          </reporter-output>
        </test-method> <!-- configAM -->
        <test-method is-config="true" signature="configBM()[pri:0, instance:demo.DemoTest@45c7e403]" started-at="2026-02-02T17:55:47 IST" name="configBM" finished-at="2026-02-02T17:55:47 IST" duration-ms="142" status="PASS">
          <reporter-output>
          </reporter-output>
        </test-method> <!-- configBM -->
        <test-method signature="GalleryLinkTest()[pri:0, instance:demo.DemoTest@45c7e403]" started-at="2026-02-02T17:55:47 IST" name="GalleryLinkTest" finished-at="2026-02-02T17:55:47 IST" duration-ms="184" status="PASS">
          <reporter-output>
          </reporter-output>
        </test-method> <!-- GalleryLinkTest -->
        <test-method is-config="true" signature="configAM()[pri:0, instance:demo.DemoTest@45c7e403]" started-at="2026-02-02T17:55:47 IST" name="configAM" finished-at="2026-02-02T17:55:47 IST" duration-ms="1" status="PASS">
          <reporter-output>
          </reporter-output>
        </test-method> <!-- configAM -->
        <test-method is-config="true" signature="configBM()[pri:0, instance:demo.DemoTest@45c7e403]" started-at="2026-02-02T17:55:47 IST" name="configBM" finished-at="2026-02-02T17:55:47 IST" duration-ms="165" status="PASS">
          <reporter-output>
          </reporter-output>
        </test-method> <!-- configBM -->
        <test-method signature="LoginsLinkTest()[pri:0, instance:demo.DemoTest@45c7e403]" started-at="2026-02-02T17:55:47 IST" name="LoginsLinkTest" finished-at="2026-02-02T17:55:48 IST" duration-ms="282" status="PASS">
          <reporter-output>
          </reporter-output>
        </test-method> <!-- LoginsLinkTest -->
        <test-method is-config="true" signature="configAM()[pri:0, instance:demo.DemoTest@45c7e403]" started-at="2026-02-02T17:55:48 IST" name="configAM" finished-at="2026-02-02T17:55:48 IST" duration-ms="1" status="PASS">
          <reporter-output>
          </reporter-output>
        </test-method> <!-- configAM -->
        <test-method is-config="true" signature="configBM()[pri:0, instance:demo.DemoTest@45c7e403]" started-at="2026-02-02T17:55:48 IST" name="configBM" finished-at="2026-02-02T17:55:48 IST" duration-ms="244" status="PASS">
          <reporter-output>
          </reporter-output>
        </test-method> <!-- configBM -->
        <test-method signature="ServicesLinkTest()[pri:0, instance:demo.DemoTest@45c7e403]" started-at="2026-02-02T17:55:48 IST" name="ServicesLinkTest" finished-at="2026-02-02T17:55:48 IST" duration-ms="336" status="PASS">
          <reporter-output>
          </reporter-output>
        </test-method> <!-- ServicesLinkTest -->
        <test-method is-config="true" signature="configAM()[pri:0, instance:demo.DemoTest@45c7e403]" started-at="2026-02-02T17:55:48 IST" name="configAM" finished-at="2026-02-02T17:55:48 IST" duration-ms="1" status="PASS">
          <reporter-output>
          </reporter-output>
        </test-method> <!-- configAM -->
        <test-method is-config="true" signature="configBM()[pri:0, instance:demo.DemoTest@45c7e403]" started-at="2026-02-02T17:55:48 IST" name="configBM" finished-at="2026-02-02T17:55:49 IST" duration-ms="265" status="PASS">
          <reporter-output>
          </reporter-output>
        </test-method> <!-- configBM -->
        <test-method signature="Test()[pri:0, instance:demo.DemoTest@45c7e403]" started-at="2026-02-02T17:55:49 IST" name="Test" finished-at="2026-02-02T17:55:52 IST" duration-ms="3564" status="PASS">
          <reporter-output>
          </reporter-output>
        </test-method> <!-- Test -->
        <test-method is-config="true" signature="configAM()[pri:0, instance:demo.DemoTest@45c7e403]" started-at="2026-02-02T17:55:52 IST" name="configAM" finished-at="2026-02-02T17:55:52 IST" duration-ms="6" status="PASS">
          <reporter-output>
          </reporter-output>
        </test-method> <!-- configAM -->
        <test-method is-config="true" signature="configBM()[pri:0, instance:demo.DemoTest@45c7e403]" started-at="2026-02-02T17:55:52 IST" name="configBM" finished-at="2026-02-02T17:55:52 IST" duration-ms="149" status="PASS">
          <reporter-output>
          </reporter-output>
        </test-method> <!-- configBM -->
        <test-method signature="ValidURLTest()[pri:0, instance:demo.DemoTest@45c7e403]" started-at="2026-02-02T17:55:52 IST" name="ValidURLTest" finished-at="2026-02-02T17:55:52 IST" duration-ms="1" status="PASS">
          <reporter-output>
          </reporter-output>
        </test-method> <!-- ValidURLTest -->
        <test-method is-config="true" signature="configAM()[pri:0, instance:demo.DemoTest@45c7e403]" started-at="2026-02-02T17:55:52 IST" name="configAM" finished-at="2026-02-02T17:55:52 IST" duration-ms="0" status="PASS">
          <reporter-output>
          </reporter-output>
        </test-method> <!-- configAM -->
        <test-method is-config="true" signature="configBM()[pri:0, instance:demo.DemoTest@45c7e403]" started-at="2026-02-02T17:55:52 IST" name="configBM" finished-at="2026-02-02T17:55:52 IST" duration-ms="133" status="PASS">
          <reporter-output>
          </reporter-output>
        </test-method> <!-- configBM -->
        <test-method signature="doctorForgotPasswordLinkTest()[pri:0, instance:demo.DemoTest@45c7e403]" started-at="2026-02-02T17:55:52 IST" name="doctorForgotPasswordLinkTest" finished-at="2026-02-02T17:55:55 IST" duration-ms="2816" status="PASS">
          <reporter-output>
          </reporter-output>
        </test-method> <!-- doctorForgotPasswordLinkTest -->
        <test-method is-config="true" signature="configAM()[pri:0, instance:demo.DemoTest@45c7e403]" started-at="2026-02-02T17:55:55 IST" name="configAM" finished-at="2026-02-02T17:55:55 IST" duration-ms="1" status="PASS">
          <reporter-output>
          </reporter-output>
        </test-method> <!-- configAM -->
        <test-method is-config="true" signature="configBM()[pri:0, instance:demo.DemoTest@45c7e403]" started-at="2026-02-02T17:55:55 IST" name="configBM" finished-at="2026-02-02T17:55:55 IST" duration-ms="162" status="PASS">
          <reporter-output>
          </reporter-output>
        </test-method> <!-- configBM -->
        <test-method signature="doctorLoginBtnTest()[pri:0, instance:demo.DemoTest@45c7e403]" started-at="2026-02-02T17:55:55 IST" name="doctorLoginBtnTest" finished-at="2026-02-02T17:55:57 IST" duration-ms="1532" status="PASS">
          <reporter-output>
          </reporter-output>
        </test-method> <!-- doctorLoginBtnTest -->
        <test-method is-config="true" signature="configAM()[pri:0, instance:demo.DemoTest@45c7e403]" started-at="2026-02-02T17:55:57 IST" name="configAM" finished-at="2026-02-02T17:55:57 IST" duration-ms="1" status="PASS">
          <reporter-output>
          </reporter-output>
        </test-method> <!-- configAM -->
        <test-method is-config="true" signature="configBM()[pri:0, instance:demo.DemoTest@45c7e403]" started-at="2026-02-02T17:55:57 IST" name="configBM" finished-at="2026-02-02T17:55:57 IST" duration-ms="261" status="PASS">
          <reporter-output>
          </reporter-output>
        </test-method> <!-- configBM -->
        <test-method signature="doctorLoginTest()[pri:0, instance:demo.DemoTest@45c7e403]" started-at="2026-02-02T17:55:57 IST" name="doctorLoginTest" finished-at="2026-02-02T17:56:00 IST" duration-ms="2802" status="PASS">
          <reporter-output>
          </reporter-output>
        </test-method> <!-- doctorLoginTest -->
        <test-method is-config="true" signature="configAM()[pri:0, instance:demo.DemoTest@45c7e403]" started-at="2026-02-02T17:56:00 IST" name="configAM" finished-at="2026-02-02T17:56:00 IST" duration-ms="1" status="PASS">
          <reporter-output>
          </reporter-output>
        </test-method> <!-- configAM -->
        <test-method is-config="true" signature="configBM()[pri:0, instance:demo.DemoTest@45c7e403]" started-at="2026-02-02T17:56:00 IST" name="configBM" finished-at="2026-02-02T17:56:00 IST" duration-ms="163" status="PASS">
          <reporter-output>
          </reporter-output>
        </test-method> <!-- configBM -->
        <test-method signature="doctorLogoutTest()[pri:0, instance:demo.DemoTest@45c7e403]" started-at="2026-02-02T17:56:00 IST" name="doctorLogoutTest" finished-at="2026-02-02T17:56:04 IST" duration-ms="3757" status="PASS">
          <reporter-output>
          </reporter-output>
        </test-method> <!-- doctorLogoutTest -->
        <test-method is-config="true" signature="configAM()[pri:0, instance:demo.DemoTest@45c7e403]" started-at="2026-02-02T17:56:04 IST" name="configAM" finished-at="2026-02-02T17:56:04 IST" duration-ms="1" status="PASS">
          <reporter-output>
          </reporter-output>
        </test-method> <!-- configAM -->
        <test-method is-config="true" signature="configBM()[pri:0, instance:demo.DemoTest@45c7e403]" started-at="2026-02-02T17:56:04 IST" name="configBM" finished-at="2026-02-02T17:56:04 IST" duration-ms="163" status="PASS">
          <reporter-output>
          </reporter-output>
        </test-method> <!-- configBM -->
        <test-method signature="doctorPageLoginBtnTest()[pri:0, instance:demo.DemoTest@45c7e403]" started-at="2026-02-02T17:56:04 IST" name="doctorPageLoginBtnTest" finished-at="2026-02-02T17:56:06 IST" duration-ms="2312" status="PASS">
          <reporter-output>
          </reporter-output>
        </test-method> <!-- doctorPageLoginBtnTest -->
        <test-method is-config="true" signature="configAM()[pri:0, instance:demo.DemoTest@45c7e403]" started-at="2026-02-02T17:56:06 IST" name="configAM" finished-at="2026-02-02T17:56:06 IST" duration-ms="0" status="PASS">
          <reporter-output>
          </reporter-output>
        </test-method> <!-- configAM -->
        <test-method is-config="true" signature="configBM()[pri:0, instance:demo.DemoTest@45c7e403]" started-at="2026-02-02T17:56:06 IST" name="configBM" finished-at="2026-02-02T17:56:07 IST" duration-ms="169" status="PASS">
          <reporter-output>
          </reporter-output>
        </test-method> <!-- configBM -->
        <test-method signature="doctorPasswordTest()[pri:0, instance:demo.DemoTest@45c7e403]" started-at="2026-02-02T17:56:07 IST" name="doctorPasswordTest" finished-at="2026-02-02T17:56:08 IST" duration-ms="1699" status="PASS">
          <reporter-output>
          </reporter-output>
        </test-method> <!-- doctorPasswordTest -->
        <test-method is-config="true" signature="configAM()[pri:0, instance:demo.DemoTest@45c7e403]" started-at="2026-02-02T17:56:08 IST" name="configAM" finished-at="2026-02-02T17:56:08 IST" duration-ms="0" status="PASS">
          <reporter-output>
          </reporter-output>
        </test-method> <!-- configAM -->
        <test-method is-config="true" signature="configBM()[pri:0, instance:demo.DemoTest@45c7e403]" started-at="2026-02-02T17:56:08 IST" name="configBM" finished-at="2026-02-02T17:56:09 IST" duration-ms="310" status="PASS">
          <reporter-output>
          </reporter-output>
        </test-method> <!-- configBM -->
        <test-method signature="doctorUsernameTest()[pri:0, instance:demo.DemoTest@45c7e403]" started-at="2026-02-02T17:56:09 IST" name="doctorUsernameTest" finished-at="2026-02-02T17:56:10 IST" duration-ms="1831" status="PASS">
          <reporter-output>
          </reporter-output>
        </test-method> <!-- doctorUsernameTest -->
        <test-method is-config="true" signature="configAM()[pri:0, instance:demo.DemoTest@45c7e403]" started-at="2026-02-02T17:56:10 IST" name="configAM" finished-at="2026-02-02T17:56:10 IST" duration-ms="0" status="PASS">
          <reporter-output>
          </reporter-output>
        </test-method> <!-- configAM -->
        <test-method is-config="true" signature="configBM()[pri:0, instance:demo.DemoTest@45c7e403]" started-at="2026-02-02T17:56:10 IST" name="configBM" finished-at="2026-02-02T17:56:11 IST" duration-ms="230" status="PASS">
          <reporter-output>
          </reporter-output>
        </test-method> <!-- configBM -->
        <test-method signature="patientForgotPasswordLinkTest()[pri:0, instance:demo.DemoTest@45c7e403]" started-at="2026-02-02T17:56:11 IST" name="patientForgotPasswordLinkTest" finished-at="2026-02-02T17:56:13 IST" duration-ms="2239" status="PASS">
          <reporter-output>
          </reporter-output>
        </test-method> <!-- patientForgotPasswordLinkTest -->
        <test-method is-config="true" signature="configAM()[pri:0, instance:demo.DemoTest@45c7e403]" started-at="2026-02-02T17:56:13 IST" name="configAM" finished-at="2026-02-02T17:56:13 IST" duration-ms="1" status="PASS">
          <reporter-output>
          </reporter-output>
        </test-method> <!-- configAM -->
        <test-method is-config="true" signature="configBM()[pri:0, instance:demo.DemoTest@45c7e403]" started-at="2026-02-02T17:56:13 IST" name="configBM" finished-at="2026-02-02T17:56:13 IST" duration-ms="174" status="PASS">
          <reporter-output>
          </reporter-output>
        </test-method> <!-- configBM -->
        <test-method signature="patientLoginBtnTest()[pri:0, instance:demo.DemoTest@45c7e403]" started-at="2026-02-02T17:56:13 IST" name="patientLoginBtnTest" finished-at="2026-02-02T17:56:14 IST" duration-ms="1244" status="PASS">
          <reporter-output>
          </reporter-output>
        </test-method> <!-- patientLoginBtnTest -->
        <test-method is-config="true" signature="configAM()[pri:0, instance:demo.DemoTest@45c7e403]" started-at="2026-02-02T17:56:14 IST" name="configAM" finished-at="2026-02-02T17:56:14 IST" duration-ms="1" status="PASS">
          <reporter-output>
          </reporter-output>
        </test-method> <!-- configAM -->
        <test-method is-config="true" signature="configBM()[pri:0, instance:demo.DemoTest@45c7e403]" started-at="2026-02-02T17:56:14 IST" name="configBM" finished-at="2026-02-02T17:56:15 IST" duration-ms="299" status="PASS">
          <reporter-output>
          </reporter-output>
        </test-method> <!-- configBM -->
        <test-method signature="patientLoginTest()[pri:0, instance:demo.DemoTest@45c7e403]" started-at="2026-02-02T17:56:15 IST" name="patientLoginTest" finished-at="2026-02-02T17:56:17 IST" duration-ms="2372" status="PASS">
          <reporter-output>
          </reporter-output>
        </test-method> <!-- patientLoginTest -->
        <test-method is-config="true" signature="configAM()[pri:0, instance:demo.DemoTest@45c7e403]" started-at="2026-02-02T17:56:17 IST" name="configAM" finished-at="2026-02-02T17:56:17 IST" duration-ms="0" status="PASS">
          <reporter-output>
          </reporter-output>
        </test-method> <!-- configAM -->
        <test-method is-config="true" signature="configBM()[pri:0, instance:demo.DemoTest@45c7e403]" started-at="2026-02-02T17:56:17 IST" name="configBM" finished-at="2026-02-02T17:56:18 IST" duration-ms="517" status="PASS">
          <reporter-output>
          </reporter-output>
        </test-method> <!-- configBM -->
        <test-method signature="patientLogoutTest()[pri:0, instance:demo.DemoTest@45c7e403]" started-at="2026-02-02T17:56:18 IST" name="patientLogoutTest" finished-at="2026-02-02T17:56:22 IST" duration-ms="4712" status="PASS">
          <reporter-output>
          </reporter-output>
        </test-method> <!-- patientLogoutTest -->
        <test-method is-config="true" signature="configAM()[pri:0, instance:demo.DemoTest@45c7e403]" started-at="2026-02-02T17:56:22 IST" name="configAM" finished-at="2026-02-02T17:56:22 IST" duration-ms="1" status="PASS">
          <reporter-output>
          </reporter-output>
        </test-method> <!-- configAM -->
        <test-method is-config="true" signature="configBM()[pri:0, instance:demo.DemoTest@45c7e403]" started-at="2026-02-02T17:56:22 IST" name="configBM" finished-at="2026-02-02T17:56:22 IST" duration-ms="139" status="PASS">
          <reporter-output>
          </reporter-output>
        </test-method> <!-- configBM -->
        <test-method signature="patientPageLoginBtnTest()[pri:0, instance:demo.DemoTest@45c7e403]" started-at="2026-02-02T17:56:22 IST" name="patientPageLoginBtnTest" finished-at="2026-02-02T17:56:24 IST" duration-ms="1832" status="PASS">
          <reporter-output>
          </reporter-output>
        </test-method> <!-- patientPageLoginBtnTest -->
        <test-method is-config="true" signature="configAM()[pri:0, instance:demo.DemoTest@45c7e403]" started-at="2026-02-02T17:56:24 IST" name="configAM" finished-at="2026-02-02T17:56:24 IST" duration-ms="10" status="PASS">
          <reporter-output>
          </reporter-output>
        </test-method> <!-- configAM -->
        <test-method is-config="true" signature="configBM()[pri:0, instance:demo.DemoTest@45c7e403]" started-at="2026-02-02T17:56:24 IST" name="configBM" finished-at="2026-02-02T17:56:25 IST" duration-ms="209" status="PASS">
          <reporter-output>
          </reporter-output>
        </test-method> <!-- configBM -->
        <test-method signature="patientPasswordTest()[pri:0, instance:demo.DemoTest@45c7e403]" started-at="2026-02-02T17:56:25 IST" name="patientPasswordTest" finished-at="2026-02-02T17:56:26 IST" duration-ms="1938" status="PASS">
          <reporter-output>
          </reporter-output>
        </test-method> <!-- patientPasswordTest -->
        <test-method is-config="true" signature="configAM()[pri:0, instance:demo.DemoTest@45c7e403]" started-at="2026-02-02T17:56:26 IST" name="configAM" finished-at="2026-02-02T17:56:26 IST" duration-ms="7" status="PASS">
          <reporter-output>
          </reporter-output>
        </test-method> <!-- configAM -->
        <test-method is-config="true" signature="configBM()[pri:0, instance:demo.DemoTest@45c7e403]" started-at="2026-02-02T17:56:26 IST" name="configBM" finished-at="2026-02-02T17:56:27 IST" duration-ms="262" status="PASS">
          <reporter-output>
          </reporter-output>
        </test-method> <!-- configBM -->
        <test-method signature="patientUsernameTest()[pri:0, instance:demo.DemoTest@45c7e403]" started-at="2026-02-02T17:56:27 IST" name="patientUsernameTest" finished-at="2026-02-02T17:56:28 IST" duration-ms="1551" status="PASS">
          <reporter-output>
          </reporter-output>
        </test-method> <!-- patientUsernameTest -->
        <test-method is-config="true" signature="configAM()[pri:0, instance:demo.DemoTest@45c7e403]" started-at="2026-02-02T17:56:28 IST" name="configAM" finished-at="2026-02-02T17:56:28 IST" duration-ms="1" status="PASS">
          <reporter-output>
          </reporter-output>
        </test-method> <!-- configAM -->
        <test-method is-config="true" signature="configBM()[pri:0, instance:demo.DemoTest@45c7e403]" started-at="2026-02-02T17:56:28 IST" name="configBM" finished-at="2026-02-02T17:56:29 IST" duration-ms="237" status="PASS">
          <reporter-output>
          </reporter-output>
        </test-method> <!-- configBM -->
        <test-method signature="patientupdateProfileTest()[pri:0, instance:demo.DemoTest@45c7e403]" started-at="2026-02-02T17:56:29 IST" name="patientupdateProfileTest" finished-at="2026-02-02T17:56:35 IST" duration-ms="6727" status="PASS">
          <reporter-output>
          </reporter-output>
        </test-method> <!-- patientupdateProfileTest -->
        <test-method is-config="true" signature="configAM()[pri:0, instance:demo.DemoTest@45c7e403]" started-at="2026-02-02T17:56:35 IST" name="configAM" finished-at="2026-02-02T17:56:35 IST" duration-ms="1" status="PASS">
          <reporter-output>
          </reporter-output>
        </test-method> <!-- configAM -->
        <test-method is-config="true" signature="configBM()[pri:0, instance:demo.DemoTest@45c7e403]" started-at="2026-02-02T17:56:35 IST" name="configBM" finished-at="2026-02-02T17:56:35 IST" duration-ms="128" status="PASS">
          <reporter-output>
          </reporter-output>
        </test-method> <!-- configBM -->
        <test-method signature="patientupdategenderProfileTest()[pri:0, instance:demo.DemoTest@45c7e403]" started-at="2026-02-02T17:56:35 IST" name="patientupdategenderProfileTest" finished-at="2026-02-02T17:56:43 IST" duration-ms="7581" status="PASS">
          <reporter-output>
          </reporter-output>
        </test-method> <!-- patientupdategenderProfileTest -->
        <test-method is-config="true" signature="configAM()[pri:0, instance:demo.DemoTest@45c7e403]" started-at="2026-02-02T17:56:43 IST" name="configAM" finished-at="2026-02-02T17:56:43 IST" duration-ms="1" status="PASS">
          <reporter-output>
          </reporter-output>
        </test-method> <!-- configAM -->
        <test-method is-config="true" signature="configAC()[pri:0, instance:demo.DemoTest@45c7e403]" started-at="2026-02-02T17:56:43 IST" name="configAC" finished-at="2026-02-02T17:56:43 IST" duration-ms="0" status="PASS">
          <reporter-output>
          </reporter-output>
        </test-method> <!-- configAC -->
        <test-method is-config="true" signature="configAS()[pri:0, instance:demo.DemoTest@45c7e403]" started-at="2026-02-02T17:56:43 IST" name="configAS" finished-at="2026-02-02T17:56:43 IST" duration-ms="1" status="PASS">
          <reporter-output>
          </reporter-output>
        </test-method> <!-- configAS -->
      </class> <!-- demo.DemoTest -->
    </test> <!-- Default test -->
  </suite> <!-- Default suite -->
</testng-results>
