<?xml version="1.0" encoding="UTF-8"?>
<!-- Generated by org.testng.reporters.JUnitReportReporter -->
<testsuite hostname="DESKTOP-Q1NTH4L" failures="0" tests="24" name="demo.DemoTest" time="58.463" errors="0" timestamp="2026-02-02T17:56:44 IST" skipped="0">
  <testcase classname="demo.DemoTest" name="doctorLoginTest" time="3.320"/>
  <testcase classname="demo.DemoTest" name="ValidURLTest" time="0.129"/>
  <testcase classname="demo.DemoTest" name="Test" time="3.727"/>
  <testcase classname="demo.DemoTest" name="patientLoginTest" time="2.612"/>
  <testcase classname="demo.DemoTest" name="doctorUsernameTest" time="2.041"/>
  <testcase classname="demo.DemoTest" name="doctorPasswordTest" time="2.516"/>
  <testcase classname="demo.DemoTest" name="patientPageLoginBtnTest" time="1.995"/>
  <testcase classname="demo.DemoTest" name="patientupdategenderProfileTest" time="7.881"/>
  <testcase classname="demo.DemoTest" name="GalleryLinkTest" time="0.421"/>
  <testcase classname="demo.DemoTest" name="ContactUsLinkTest" time="0.412"/>
  <testcase classname="demo.DemoTest" name="doctorPageLoginBtnTest" time="2.462"/>
  <testcase classname="demo.DemoTest" name="ServicesLinkTest" time="0.479"/>
  <testcase classname="demo.DemoTest" name="BookAnAppointmentBtnTest" time="1.256"/>
  <testcase classname="demo.DemoTest" name="patientForgotPasswordLinkTest" time="2.373"/>
  <testcase classname="demo.DemoTest" name="doctorLoginBtnTest" time="1.716"/>
  <testcase classname="demo.DemoTest" name="doctorForgotPasswordLinkTest" time="2.982"/>
  <testcase classname="demo.DemoTest" name="AboutUsLinkTest" time="0.572"/>
  <testcase classname="demo.DemoTest" name="doctorLogoutTest" time="3.927"/>
  <testcase classname="demo.DemoTest" name="patientLoginBtnTest" time="1.383"/>
  <testcase classname="demo.DemoTest" name="patientUsernameTest" time="1.714"/>
  <testcase classname="demo.DemoTest" name="patientupdateProfileTest" time="6.989"/>
  <testcase classname="demo.DemoTest" name="LoginsLinkTest" time="0.457"/>
  <testcase classname="demo.DemoTest" name="patientPasswordTest" time="2.209"/>
  <testcase classname="demo.DemoTest" name="patientLogoutTest" time="4.890"/>
</testsuite> <!-- demo.DemoTest -->
