<?xml version="1.0" encoding="UTF-8"?>
<!-- Generated by org.testng.reporters.JUnitReportReporter -->
<testsuite hostname="DESKTOP-Q1NTH4L" failures="0" tests="23" name="demo.DemoTest" time="60.986" errors="0" timestamp="2026-02-03T16:05:58 IST" skipped="0">
  <testcase classname="demo.DemoTest" name="patientForgotPasswordLinkTest" time="2.489"/>
  <testcase classname="demo.DemoTest" name="doctorForgotPasswordLinkTest" time="2.402"/>
  <testcase classname="demo.DemoTest" name="AboutUsLinkTest" time="0.423"/>
  <testcase classname="demo.DemoTest" name="patientLogoutTest" time="4.386"/>
  <testcase classname="demo.DemoTest" name="GalleryLinkTest" time="0.486"/>
  <testcase classname="demo.DemoTest" name="doctorPasswordTest" time="1.898"/>
  <testcase classname="demo.DemoTest" name="patientPageLoginBtnTest" time="2.168"/>
  <testcase classname="demo.DemoTest" name="ContactUsLinkTest" time="0.360"/>
  <testcase classname="demo.DemoTest" name="doctorPageLoginBtnTest" time="2.090"/>
  <testcase classname="demo.DemoTest" name="createuserAndDeleteUserTest" time="12.280"/>
  <testcase classname="demo.DemoTest" name="patientUsernameTest" time="2.002"/>
  <testcase classname="demo.DemoTest" name="BookAnAppointmentBtnTest" time="0.761"/>
  <testcase classname="demo.DemoTest" name="ValidURLTest" time="0.250"/>
  <testcase classname="demo.DemoTest" name="patientLoginBtnTest" time="2.927"/>
  <testcase classname="demo.DemoTest" name="doctorLoginBtnTest" time="1.466"/>
  <testcase classname="demo.DemoTest" name="doctorUsernameTest" time="1.929"/>
  <testcase classname="demo.DemoTest" name="patientLoginTest" time="2.893"/>
  <testcase classname="demo.DemoTest" name="patientupdategenderProfileTest" time="7.031"/>
  <testcase classname="demo.DemoTest" name="doctorLoginTest" time="2.965"/>
  <testcase classname="demo.DemoTest" name="ServicesLinkTest" time="0.409"/>
  <testcase classname="demo.DemoTest" name="LoginsLinkTest" time="0.511"/>
  <testcase classname="demo.DemoTest" name="patientPasswordTest" time="1.985"/>
  <testcase classname="demo.DemoTest" name="patientupdateProfileTest" time="6.875"/>
</testsuite> <!-- demo.DemoTest -->
