<?xml version="1.0" encoding="UTF-8"?>
<!-- Generated by org.testng.reporters.JUnitReportReporter -->
<testsuite hostname="DESKTOP-Q1NTH4L" failures="0" tests="25" name="demo.DemoTest" time="9.889" errors="1" timestamp="2026-02-03T18:07:06 IST" skipped="16">
  <testcase classname="demo.DemoTest" name="ValidURLTest" time="0.154"/>
  <testcase classname="demo.DemoTest" name="patientupdateProfileTest" time="0.135">
    <skipped/>
  </testcase> <!-- patientupdateProfileTest -->
  <testcase classname="demo.DemoTest" name="configBM" time="0.133">
    <error message="no such window: target window already closed
from unknown error: web view not found
  (Session info: chrome=144.0.7559.110)
Build info: version: &#039;4.27.0&#039;, revision: &#039;d6e718d134&#039;
System info: os.name: &#039;Windows 10&#039;, os.arch: &#039;amd64&#039;, os.version: &#039;10.0&#039;, java.version: &#039;21.0.9&#039;
Driver info: org.openqa.selenium.chrome.ChromeDriver
Command: [ae31cf58c4f4b735fb82bfe71f18bc1d, get {url=http://49.249.28.218:8081/AppServer/Hospital_Doctor_Patient_Management_System/}]
Capabilities {acceptInsecureCerts: false, browserName: chrome, browserVersion: 144.0.7559.110, chrome: {chromedriverVersion: 144.0.7559.109 (6a8d5e49388..., userDataDir: C:\Users\Dell\AppData\Local...}, fedcm:accounts: true, goog:chromeOptions: {debuggerAddress: localhost:63213}, goog:processID: 31664, networkConnectionEnabled: false, pageLoadStrategy: normal, platformName: windows, proxy: Proxy(), se:cdp: ws://localhost:63213/devtoo..., se:cdpVersion: 144.0.7559.110, setWindowRect: true, strictFileInteractability: false, timeouts: {implicit: 0, pageLoad: 300000, script: 30000}, unhandledPromptBehavior: dismiss and notify, webauthn:extension:credBlob: true, webauthn:extension:largeBlob: true, webauthn:extension:minPinLength: true, webauthn:extension:prf: true, webauthn:virtualAuthenticators: true}
Session ID: ae31cf58c4f4b735fb82bfe71f18bc1d" type="org.openqa.selenium.NoSuchWindowException">
      <![CDATA[org.openqa.selenium.NoSuchWindowException: no such window: target window already closed
from unknown error: web view not found
  (Session info: chrome=144.0.7559.110)
Build info: version: '4.27.0', revision: 'd6e718d134'
System info: os.name: 'Windows 10', os.arch: 'amd64', os.version: '10.0', java.version: '21.0.9'
Driver info: org.openqa.selenium.chrome.ChromeDriver
Command: [ae31cf58c4f4b735fb82bfe71f18bc1d, get {url=http://49.249.28.218:8081/AppServer/Hospital_Doctor_Patient_Management_System/}]
Capabilities {acceptInsecureCerts: false, browserName: chrome, browserVersion: 144.0.7559.110, chrome: {chromedriverVersion: 144.0.7559.109 (6a8d5e49388..., userDataDir: C:\Users\Dell\AppData\Local...}, fedcm:accounts: true, goog:chromeOptions: {debuggerAddress: localhost:63213}, goog:processID: 31664, networkConnectionEnabled: false, pageLoadStrategy: normal, platformName: windows, proxy: Proxy(), se:cdp: ws://localhost:63213/devtoo..., se:cdpVersion: 144.0.7559.110, setWindowRect: true, strictFileInteractability: false, timeouts: {implicit: 0, pageLoad: 300000, script: 30000}, unhandledPromptBehavior: dismiss and notify, webauthn:extension:credBlob: true, webauthn:extension:largeBlob: true, webauthn:extension:minPinLength: true, webauthn:extension:prf: true, webauthn:virtualAuthenticators: true}
Session ID: ae31cf58c4f4b735fb82bfe71f18bc1d
at java.base/jdk.internal.reflect.DirectConstructorHandleAccessor.newInstance(DirectConstructorHandleAccessor.java:62)
at java.base/java.lang.reflect.Constructor.newInstanceWithCaller(Constructor.java:502)
at java.base/java.lang.reflect.Constructor.newInstance(Constructor.java:486)
at org.openqa.selenium.remote.ErrorCodec.decode(ErrorCodec.java:167)
at org.openqa.selenium.remote.codec.w3c.W3CHttpResponseCodec.decode(W3CHttpResponseCodec.java:138)
at org.openqa.selenium.remote.codec.w3c.W3CHttpResponseCodec.decode(W3CHttpResponseCodec.java:50)
at org.openqa.selenium.remote.HttpCommandExecutor.execute(HttpCommandExecutor.java:190)
at org.openqa.selenium.remote.service.DriverCommandExecutor.invokeExecute(DriverCommandExecutor.java:216)
at org.openqa.selenium.remote.service.DriverCommandExecutor.execute(DriverCommandExecutor.java:174)
at org.openqa.selenium.remote.RemoteWebDriver.execute(RemoteWebDriver.java:545)
at org.openqa.selenium.remote.RemoteWebDriver.get(RemoteWebDriver.java:313)
at com.comcast.crm.basetest.BaseClass.configBM(BaseClass.java:89)
at java.base/jdk.internal.reflect.DirectMethodHandleAccessor.invoke(DirectMethodHandleAccessor.java:103)
at java.base/java.lang.reflect.Method.invoke(Method.java:580)
at org.testng.internal.invokers.MethodInvocationHelper.invokeMethod(MethodInvocationHelper.java:141)
at org.testng.internal.invokers.MethodInvocationHelper.invokeMethodConsideringTimeout(MethodInvocationHelper.java:71)
at org.testng.internal.invokers.ConfigInvoker.invokeConfigurationMethod(ConfigInvoker.java:400)
at org.testng.internal.invokers.ConfigInvoker.invokeConfigurations(ConfigInvoker.java:333)
at org.testng.internal.invokers.TestInvoker.runConfigMethods(TestInvoker.java:836)
at org.testng.internal.invokers.TestInvoker.invokeMethod(TestInvoker.java:601)
at org.testng.internal.invokers.TestInvoker.invokeTestMethod(TestInvoker.java:230)
at org.testng.internal.invokers.MethodRunner.runInSequence(MethodRunner.java:63)
at org.testng.internal.invokers.TestInvoker$MethodInvocationAgent.invoke(TestInvoker.java:995)
at org.testng.internal.invokers.TestInvoker.invokeTestMethods(TestInvoker.java:203)
at org.testng.internal.invokers.TestMethodWorker.invokeTestMethods(TestMethodWorker.java:154)
at org.testng.internal.invokers.TestMethodWorker.run(TestMethodWorker.java:134)
at java.base/java.util.ArrayList.forEach(ArrayList.java:1596)
at org.testng.TestRunner.privateRun(TestRunner.java:741)
at org.testng.TestRunner.run(TestRunner.java:616)
at org.testng.SuiteRunner.runTest(SuiteRunner.java:421)
at org.testng.SuiteRunner.runSequentially(SuiteRunner.java:413)
at org.testng.SuiteRunner.privateRun(SuiteRunner.java:373)
at org.testng.SuiteRunner.run(SuiteRunner.java:312)
at org.testng.SuiteRunnerWorker.runSuite(SuiteRunnerWorker.java:52)
at org.testng.SuiteRunnerWorker.run(SuiteRunnerWorker.java:95)
at org.testng.TestNG.runSuitesSequentially(TestNG.java:1274)
at org.testng.TestNG.runSuitesLocally(TestNG.java:1208)
at org.testng.TestNG.runSuites(TestNG.java:1112)
at org.testng.TestNG.run(TestNG.java:1079)
at org.testng.remote.AbstractRemoteTestNG.run(AbstractRemoteTestNG.java:115)
at org.testng.remote.RemoteTestNG.initAndRun(RemoteTestNG.java:293)
at org.testng.remote.RemoteTestNG.main(RemoteTestNG.java:91)
]]>
    </error>
  </testcase> <!-- configBM -->
  <testcase classname="demo.DemoTest" name="bookAppointmentTest" time="5.233"/>
  <testcase classname="demo.DemoTest" name="patientUsernameTest" time="0.118">
    <skipped/>
  </testcase> <!-- patientUsernameTest -->
  <testcase classname="demo.DemoTest" name="doctorForgotPasswordLinkTest" time="0.127">
    <skipped/>
  </testcase> <!-- doctorForgotPasswordLinkTest -->
  <testcase classname="demo.DemoTest" name="patientupdategenderProfileTest" time="2.205">
    <skipped/>
  </testcase> <!-- patientupdategenderProfileTest -->
  <testcase classname="demo.DemoTest" name="doctorLoginTest" time="0.129">
    <skipped/>
  </testcase> <!-- doctorLoginTest -->
  <testcase classname="demo.DemoTest" name="doctorPasswordTest" time="0.000">
    <skipped/>
  </testcase> <!-- doctorPasswordTest -->
  <testcase classname="demo.DemoTest" name="doctorLoginBtnTest" time="0.001">
    <skipped/>
  </testcase> <!-- doctorLoginBtnTest -->
  <testcase classname="demo.DemoTest" name="createuserAndDeleteUserTest" time="0.000">
    <skipped/>
  </testcase> <!-- createuserAndDeleteUserTest -->
  <testcase classname="demo.DemoTest" name="LoginsLinkTest" time="0.102"/>
  <testcase classname="demo.DemoTest" name="doctorPageLoginBtnTest" time="0.000">
    <skipped/>
  </testcase> <!-- doctorPageLoginBtnTest -->
  <testcase classname="demo.DemoTest" name="ContactUsLinkTest" time="0.102"/>
  <testcase classname="demo.DemoTest" name="patientLoginBtnTest" time="0.000">
    <skipped/>
  </testcase> <!-- patientLoginBtnTest -->
  <testcase classname="demo.DemoTest" name="patientLoginTest" time="0.000">
    <skipped/>
  </testcase> <!-- patientLoginTest -->
  <testcase classname="demo.DemoTest" name="patientForgotPasswordLinkTest" time="0.000">
    <skipped/>
  </testcase> <!-- patientForgotPasswordLinkTest -->
  <testcase classname="demo.DemoTest" name="patientLogoutTest" time="0.000">
    <skipped/>
  </testcase> <!-- patientLogoutTest -->
  <testcase classname="demo.DemoTest" name="patientPasswordTest" time="0.000">
    <skipped/>
  </testcase> <!-- patientPasswordTest -->
  <testcase classname="demo.DemoTest" name="GalleryLinkTest" time="0.130"/>
  <testcase classname="demo.DemoTest" name="ServicesLinkTest" time="0.103"/>
  <testcase classname="demo.DemoTest" name="doctorUsernameTest" time="0.000">
    <skipped/>
  </testcase> <!-- doctorUsernameTest -->
  <testcase classname="demo.DemoTest" name="patientPageLoginBtnTest" time="0.001">
    <skipped/>
  </testcase> <!-- patientPageLoginBtnTest -->
  <testcase classname="demo.DemoTest" name="BookAnAppointmentBtnTest" time="1.037"/>
  <testcase classname="demo.DemoTest" name="AboutUsLinkTest" time="0.179"/>
</testsuite> <!-- demo.DemoTest -->
